<?xml version="1.0" encoding="UTF-8"?>
<!-- Generated by org.testng.reporters.JUnitReportReporter -->
<testsuite skipped="0" hostname="LAPTOP-45MJ35M6" name="MyRunner.TestRunner" tests="1" failures="0" timestamp="24 Aug 2020 11:39:55 GMT" time="11.401" errors="0">
  <testcase name="feature" time="11.401" classname="MyRunner.TestRunner"/>
</testsuite> <!-- MyRunner.TestRunner -->
